<?xml version="1.0" encoding="UTF-8"?>
<!-- Generated by org.testng.reporters.JUnitReportReporter -->
<testsuite hostname="DESKTOP-NLC07SB" failures="0" tests="1" name="TestRunner.Test_runner" time="289.087" errors="0" timestamp="2022-11-08T13:40:52 IST" skipped="0">
  <testcase classname="TestRunner.Test_runner" name="execute" time="289.087"/>
  <system-out/>
</testsuite> <!-- TestRunner.Test_runner -->
